#
# There is insufficient memory for the Java Runtime Environment to continue.
# Native memory allocation (malloc) failed to allocate 306800 bytes for Chunk::new
# Possible reasons:
#   The system is out of physical RAM or swap space
#   In 32 bit mode, the process size limit was hit
# Possible solutions:
#   Reduce memory load on the system
#   Increase physical memory or swap space
#   Check if swap backing store is full
#   Use 64 bit Java on a 64 bit OS
#   Decrease Java heap size (-Xmx/-Xms)
#   Decrease number of Java threads
#   Decrease Java thread stack sizes (-Xss)
#   Set larger code cache with -XX:ReservedCodeCacheSize=
# This output file may be truncated or incomplete.
#
#  Out of Memory Error (allocation.cpp:390), pid=14944, tid=0x0000000000001220
#
# JRE version: Java(TM) SE Runtime Environment (8.0_111-b14) (build 1.8.0_111-b14)
# Java VM: Java HotSpot(TM) 64-Bit Server VM (25.111-b14 mixed mode windows-amd64 compressed oops)
# Failed to write core dump. Minidumps are not enabled by default on client versions of Windows
#

---------------  T H R E A D  ---------------

Current thread (0x00000000177dd800):  JavaThread "C2 CompilerThread1" daemon [_thread_in_native, id=4640, stack(0x0000000019910000,0x0000000019a10000)]

Stack: [0x0000000019910000,0x0000000019a10000]
[error occurred during error reporting (printing stack bounds), id 0xc0000005]

Native frames: (J=compiled Java code, j=interpreted, Vv=VM code, C=native code)


Current CompileTask:
C2:  18211 5409       4       java.math.BigInteger::multiply (187 bytes)


---------------  P R O C E S S  ---------------

Java Threads: ( => current thread )
  0x0000000023d86800 JavaThread "Prism Font Disposer" daemon [_thread_blocked, id=7260, stack(0x000000002dfa0000,0x000000002e0a0000)]
  0x0000000023d82000 JavaThread "JavaFX-Launcher" [_thread_blocked, id=4824, stack(0x0000000029c40000,0x0000000029d40000)]
  0x0000000023d86000 JavaThread "Thread-19" daemon [_thread_blocked, id=16100, stack(0x00000000293f0000,0x00000000294f0000)]
  0x0000000023d85000 JavaThread "Thread-18" daemon [_thread_blocked, id=14668, stack(0x00000000292f0000,0x00000000293f0000)]
  0x0000000023d84800 JavaThread "Thread-17" daemon [_thread_blocked, id=13596, stack(0x00000000291f0000,0x00000000292f0000)]
  0x0000000023d81000 JavaThread "Thread-16" daemon [_thread_blocked, id=5744, stack(0x00000000290f0000,0x00000000291f0000)]
  0x000000001fd1f800 JavaThread "Thread-15" daemon [_thread_blocked, id=10360, stack(0x0000000028ff0000,0x00000000290f0000)]
  0x000000001fd1f000 JavaThread "Thread-14" daemon [_thread_blocked, id=13476, stack(0x0000000028ef0000,0x0000000028ff0000)]
  0x000000001fd1e000 JavaThread "Thread-13" daemon [_thread_blocked, id=13632, stack(0x0000000028df0000,0x0000000028ef0000)]
  0x000000001fd16800 JavaThread "Thread-12" daemon [_thread_blocked, id=1308, stack(0x0000000028cf0000,0x0000000028df0000)]
  0x000000001fd1d800 JavaThread "Thread-11" daemon [_thread_blocked, id=10304, stack(0x0000000028bf0000,0x0000000028cf0000)]
  0x000000001fd16000 JavaThread "Thread-10" daemon [_thread_blocked, id=6420, stack(0x0000000028af0000,0x0000000028bf0000)]
  0x000000001fd1c800 JavaThread "Thread-9" daemon [_thread_blocked, id=14000, stack(0x00000000289f0000,0x0000000028af0000)]
  0x000000001fd15000 JavaThread "Thread-8" daemon [_thread_blocked, id=10052, stack(0x00000000288f0000,0x00000000289f0000)]
  0x000000001fd1c000 JavaThread "Thread-7" daemon [_thread_blocked, id=9900, stack(0x00000000287f0000,0x00000000288f0000)]
  0x000000001fd1b000 JavaThread "Thread-6" daemon [_thread_blocked, id=6572, stack(0x00000000286f0000,0x00000000287f0000)]
  0x000000001fd13800 JavaThread "Thread-5" daemon [_thread_blocked, id=14052, stack(0x00000000285f0000,0x00000000286f0000)]
  0x000000001fd17800 JavaThread "Thread-4" daemon [_thread_blocked, id=13780, stack(0x00000000284f0000,0x00000000285f0000)]
  0x000000001fd13000 JavaThread "pool-18-thread-1" [_thread_blocked, id=11652, stack(0x0000000027f00000,0x0000000028000000)]
  0x000000001fd19800 JavaThread "pool-17-thread-1" [_thread_blocked, id=10364, stack(0x0000000027e00000,0x0000000027f00000)]
  0x000000001fd12000 JavaThread "pool-16-thread-1" [_thread_blocked, id=13716, stack(0x0000000027d00000,0x0000000027e00000)]
  0x000000001fd14800 JavaThread "pool-15-thread-1" [_thread_blocked, id=9500, stack(0x0000000026bb0000,0x0000000026cb0000)]
  0x000000001fd18000 JavaThread "pool-14-thread-1" [_thread_blocked, id=4416, stack(0x0000000026ab0000,0x0000000026bb0000)]
  0x000000001fd19000 JavaThread "pool-13-thread-1" [_thread_blocked, id=9616, stack(0x0000000025950000,0x0000000025a50000)]
  0x000000001fd11800 JavaThread "pool-12-thread-1" [_thread_blocked, id=7620, stack(0x0000000025850000,0x0000000025950000)]
  0x000000001fd10800 JavaThread "pool-11-thread-1" [_thread_blocked, id=11016, stack(0x0000000025750000,0x0000000025850000)]
  0x0000000020245800 JavaThread "pool-10-thread-1" [_thread_blocked, id=8592, stack(0x0000000024d50000,0x0000000024e50000)]
  0x0000000020244800 JavaThread "pool-9-thread-1" [_thread_blocked, id=13688, stack(0x0000000022c20000,0x0000000022d20000)]
  0x000000002024a000 JavaThread "pool-8-thread-1" [_thread_blocked, id=5592, stack(0x0000000022b20000,0x0000000022c20000)]
  0x000000002024b800 JavaThread "pool-7-thread-1" [_thread_blocked, id=16016, stack(0x0000000022a20000,0x0000000022b20000)]
  0x0000000020249800 JavaThread "pool-6-thread-1" [_thread_blocked, id=15644, stack(0x0000000022920000,0x0000000022a20000)]
  0x0000000020248800 JavaThread "pool-5-thread-1" [_thread_blocked, id=440, stack(0x0000000022820000,0x0000000022920000)]
  0x0000000020246000 JavaThread "pool-4-thread-1" [_thread_blocked, id=6124, stack(0x0000000022720000,0x0000000022820000)]
  0x000000002024b000 JavaThread "pool-3-thread-1" [_thread_blocked, id=15176, stack(0x00000000224f0000,0x00000000225f0000)]
  0x0000000020247000 JavaThread "pool-2-thread-1" [_thread_blocked, id=6116, stack(0x0000000021df0000,0x0000000021ef0000)]
  0x00000000209ba800 JavaThread "Abandoned connection cleanup thread" daemon [_thread_blocked, id=3296, stack(0x0000000021af0000,0x0000000021bf0000)]
  0x000000001e74d800 JavaThread "Thread-2" daemon [_thread_in_native, id=6784, stack(0x000000001ef00000,0x000000001f000000)]
  0x00000000198b0000 JavaThread "JavaFX Application Thread" [_thread_in_native, id=1880, stack(0x000000001a070000,0x000000001a170000)]
  0x00000000198af800 JavaThread "Thread-1" daemon [_thread_blocked, id=12488, stack(0x0000000019f70000,0x000000001a070000)]
  0x0000000019899800 JavaThread "QuantumRenderer-0" daemon [_thread_blocked, id=13944, stack(0x0000000019d10000,0x0000000019e10000)]
  0x000000001953c000 JavaThread "Service Thread" daemon [_thread_blocked, id=4816, stack(0x0000000019b10000,0x0000000019c10000)]
  0x00000000177de800 JavaThread "C1 CompilerThread2" daemon [_thread_blocked, id=7228, stack(0x0000000019a10000,0x0000000019b10000)]
=>0x00000000177dd800 JavaThread "C2 CompilerThread1" daemon [_thread_in_native, id=4640, stack(0x0000000019910000,0x0000000019a10000)]
  0x00000000177aa800 JavaThread "C2 CompilerThread0" daemon [_thread_in_native, id=9652, stack(0x0000000019410000,0x0000000019510000)]
  0x000000001779a000 JavaThread "JDWP Command Reader" daemon [_thread_in_native, id=15560, stack(0x0000000019310000,0x0000000019410000)]
  0x0000000017797000 JavaThread "JDWP Event Helper Thread" daemon [_thread_blocked, id=8356, stack(0x0000000019210000,0x0000000019310000)]
  0x0000000017789800 JavaThread "JDWP Transport Listener: dt_socket" daemon [_thread_blocked, id=6228, stack(0x0000000019110000,0x0000000019210000)]
  0x0000000017780000 JavaThread "Attach Listener" daemon [_thread_blocked, id=11948, stack(0x0000000018cd0000,0x0000000018dd0000)]
  0x000000001777f000 JavaThread "Signal Dispatcher" daemon [_thread_blocked, id=15716, stack(0x0000000018bd0000,0x0000000018cd0000)]
  0x0000000002c2e800 JavaThread "Finalizer" daemon [_thread_blocked, id=15152, stack(0x00000000189f0000,0x0000000018af0000)]
  0x0000000002c23000 JavaThread "Reference Handler" daemon [_thread_blocked, id=14632, stack(0x00000000188f0000,0x00000000189f0000)]
  0x0000000002b32800 JavaThread "main" [_thread_blocked, id=9524, stack(0x0000000002a30000,0x0000000002b30000)]

Other Threads:
  0x0000000017747800 VMThread [stack: 0x00000000187f0000,0x00000000188f0000] [id=12716]
  0x0000000019552000 WatcherThread [stack: 0x0000000019c10000,0x0000000019d10000] [id=5060]

VM state:not at safepoint (normal execution)

VM Mutex/Monitor currently owned by a thread: None

Heap:
 PSYoungGen      total 320512K, used 100778K [0x00000000d5d80000, 0x00000000ea980000, 0x0000000100000000)
  eden space 310784K, 32% used [0x00000000d5d80000,0x00000000dbf82b48,0x00000000e8d00000)
  from space 9728K, 4% used [0x00000000e9700000,0x00000000e9768000,0x00000000ea080000)
  to   space 10240K, 0% used [0x00000000e8d00000,0x00000000e8d00000,0x00000000e9700000)
 ParOldGen       total 95232K, used 24907K [0x0000000081800000, 0x0000000087500000, 0x00000000d5d80000)
  object space 95232K, 26% used [0x0000000081800000,0x0000000083052d90,0x0000000087500000)
 Metaspace       used 38738K, capacity 41218K, committed 41472K, reserved 1085440K
  class space    used 5258K, capacity 5781K, committed 5888K, reserved 1048576K

Card table byte_map: [0x0000000011ff0000,0x00000000123f0000] byte_map_base: 0x0000000011be4000

Marking Bits: (ParMarkBitMap*) 0x000000006602a6c0
 Begin Bits: [0x0000000012aa0000, 0x0000000014a40000)
 End Bits:   [0x0000000014a40000, 0x00000000169e0000)

Polling page: 0x0000000002890000

CodeCache: size=245760Kb used=18452Kb max_used=18490Kb free=227307Kb
 bounds [0x0000000002c30000, 0x0000000003ef0000, 0x0000000011c30000]
 total_blobs=5668 nmethods=4948 adapters=640
 compilation: enabled

Compilation events (10 events):
Event: 18.141 Thread 0x00000000177de800 5642       2       javafx.scene.Node::getStyleableParent (5 bytes)
Event: 18.141 Thread 0x00000000177de800 nmethod 5642 0x00000000031a0050 code [0x00000000031a01c0, 0x00000000031a03c8]
Event: 18.141 Thread 0x00000000177de800 5636       2       java.lang.Enum::valueOf (73 bytes)
Event: 18.142 Thread 0x00000000177de800 nmethod 5636 0x000000000319f410 code [0x000000000319f620, 0x000000000319fbd8]
Event: 18.148 Thread 0x00000000177de800 5643       2       java.lang.invoke.MethodTypeForm::unpack (30 bytes)
Event: 18.149 Thread 0x00000000177de800 nmethod 5643 0x000000000337b210 code [0x000000000337b360, 0x000000000337b4b0]
Event: 18.149 Thread 0x00000000177de800 5644       2       java.lang.invoke.DirectMethodHandle::preparedLambdaForm (31 bytes)
Event: 18.149 Thread 0x00000000177de800 nmethod 5644 0x000000000337ad50 code [0x000000000337aec0, 0x000000000337b0a8]
Event: 18.162 Thread 0x00000000177de800 5645       2       java.lang.invoke.MethodHandles$Lookup::checkSymbolicClass (42 bytes)
Event: 18.162 Thread 0x00000000177de800 nmethod 5645 0x0000000003379a90 code [0x0000000003379c80, 0x000000000337a078]

GC Heap History (10 events):
Event: 16.219 GC heap before
{Heap before GC invocations=14 (full 1):
 PSYoungGen      total 187904K, used 28638K [0x00000000d5d80000, 0x00000000e1f00000, 0x0000000100000000)
  eden space 178688K, 11% used [0x00000000d5d80000,0x00000000d726dff8,0x00000000e0c00000)
  from space 9216K, 78% used [0x00000000e1580000,0x00000000e1c89ad0,0x00000000e1e80000)
  to   space 9728K, 0% used [0x00000000e0c00000,0x00000000e0c00000,0x00000000e1580000)
 ParOldGen       total 62976K, used 19237K [0x0000000081800000, 0x0000000085580000, 0x00000000d5d80000)
  object space 62976K, 30% used [0x0000000081800000,0x0000000082ac94c0,0x0000000085580000)
 Metaspace       used 33111K, capacity 35392K, committed 35496K, reserved 1079296K
  class space    used 4279K, capacity 4784K, committed 4864K, reserved 1048576K
Event: 16.226 GC heap after
Heap after GC invocations=14 (full 1):
 PSYoungGen      total 188416K, used 3808K [0x00000000d5d80000, 0x00000000e6400000, 0x0000000100000000)
  eden space 178688K, 0% used [0x00000000d5d80000,0x00000000d5d80000,0x00000000e0c00000)
  from space 9728K, 39% used [0x00000000e0c00000,0x00000000e0fb8290,0x00000000e1580000)
  to   space 9216K, 0% used [0x00000000e5b00000,0x00000000e5b00000,0x00000000e6400000)
 ParOldGen       total 62976K, used 22446K [0x0000000081800000, 0x0000000085580000, 0x00000000d5d80000)
  object space 62976K, 35% used [0x0000000081800000,0x0000000082deb900,0x0000000085580000)
 Metaspace       used 33111K, capacity 35392K, committed 35496K, reserved 1079296K
  class space    used 4279K, capacity 4784K, committed 4864K, reserved 1048576K
}
Event: 16.226 GC heap before
{Heap before GC invocations=15 (full 2):
 PSYoungGen      total 188416K, used 3808K [0x00000000d5d80000, 0x00000000e6400000, 0x0000000100000000)
  eden space 178688K, 0% used [0x00000000d5d80000,0x00000000d5d80000,0x00000000e0c00000)
  from space 9728K, 39% used [0x00000000e0c00000,0x00000000e0fb8290,0x00000000e1580000)
  to   space 9216K, 0% used [0x00000000e5b00000,0x00000000e5b00000,0x00000000e6400000)
 ParOldGen       total 62976K, used 22446K [0x0000000081800000, 0x0000000085580000, 0x00000000d5d80000)
  object space 62976K, 35% used [0x0000000081800000,0x0000000082deb900,0x0000000085580000)
 Metaspace       used 33111K, capacity 35392K, committed 35496K, reserved 1079296K
  class space    used 4279K, capacity 4784K, committed 4864K, reserved 1048576K
Event: 16.327 GC heap after
Heap after GC invocations=15 (full 2):
 PSYoungGen      total 188416K, used 0K [0x00000000d5d80000, 0x00000000e6400000, 0x0000000100000000)
  eden space 178688K, 0% used [0x00000000d5d80000,0x00000000d5d80000,0x00000000e0c00000)
  from space 9728K, 0% used [0x00000000e0c00000,0x00000000e0c00000,0x00000000e1580000)
  to   space 9216K, 0% used [0x00000000e5b00000,0x00000000e5b00000,0x00000000e6400000)
 ParOldGen       total 95232K, used 21741K [0x0000000081800000, 0x0000000087500000, 0x00000000d5d80000)
  object space 95232K, 22% used [0x0000000081800000,0x0000000082d3b488,0x0000000087500000)
 Metaspace       used 33111K, capacity 35392K, committed 35496K, reserved 1079296K
  class space    used 4279K, capacity 4784K, committed 4864K, reserved 1048576K
}
Event: 17.125 GC heap before
{Heap before GC invocations=16 (full 2):
 PSYoungGen      total 188416K, used 178688K [0x00000000d5d80000, 0x00000000e6400000, 0x0000000100000000)
  eden space 178688K, 100% used [0x00000000d5d80000,0x00000000e0c00000,0x00000000e0c00000)
  from space 9728K, 0% used [0x00000000e0c00000,0x00000000e0c00000,0x00000000e1580000)
  to   space 9216K, 0% used [0x00000000e5b00000,0x00000000e5b00000,0x00000000e6400000)
 ParOldGen       total 95232K, used 21741K [0x0000000081800000, 0x0000000087500000, 0x00000000d5d80000)
  object space 95232K, 22% used [0x0000000081800000,0x0000000082d3b488,0x0000000087500000)
 Metaspace       used 33769K, capacity 36064K, committed 36224K, reserved 1081344K
  class space    used 4364K, capacity 4880K, committed 4992K, reserved 1048576K
Event: 17.128 GC heap after
Heap after GC invocations=16 (full 2):
 PSYoungGen      total 240128K, used 3534K [0x00000000d5d80000, 0x00000000e5e80000, 0x0000000100000000)
  eden space 236544K, 0% used [0x00000000d5d80000,0x00000000d5d80000,0x00000000e4480000)
  from space 3584K, 98% used [0x00000000e5b00000,0x00000000e5e73a40,0x00000000e5e80000)
  to   space 9216K, 0% used [0x00000000e4c80000,0x00000000e4c80000,0x00000000e5580000)
 ParOldGen       total 95232K, used 21749K [0x0000000081800000, 0x0000000087500000, 0x00000000d5d80000)
  object space 95232K, 22% used [0x0000000081800000,0x0000000082d3d488,0x0000000087500000)
 Metaspace       used 33769K, capacity 36064K, committed 36224K, reserved 1081344K
  class space    used 4364K, capacity 4880K, committed 4992K, reserved 1048576K
}
Event: 17.427 GC heap before
{Heap before GC invocations=17 (full 2):
 PSYoungGen      total 240128K, used 240078K [0x00000000d5d80000, 0x00000000e5e80000, 0x0000000100000000)
  eden space 236544K, 100% used [0x00000000d5d80000,0x00000000e4480000,0x00000000e4480000)
  from space 3584K, 98% used [0x00000000e5b00000,0x00000000e5e73a40,0x00000000e5e80000)
  to   space 9216K, 0% used [0x00000000e4c80000,0x00000000e4c80000,0x00000000e5580000)
 ParOldGen       total 95232K, used 21749K [0x0000000081800000, 0x0000000087500000, 0x00000000d5d80000)
  object space 95232K, 22% used [0x0000000081800000,0x0000000082d3d488,0x0000000087500000)
 Metaspace       used 33770K, capacity 36128K, committed 36480K, reserved 1081344K
  class space    used 4364K, capacity 4880K, committed 4992K, reserved 1048576K
Event: 17.429 GC heap after
Heap after GC invocations=17 (full 2):
 PSYoungGen      total 253952K, used 448K [0x00000000d5d80000, 0x00000000ea080000, 0x0000000100000000)
  eden space 244736K, 0% used [0x00000000d5d80000,0x00000000d5d80000,0x00000000e4c80000)
  from space 9216K, 4% used [0x00000000e4c80000,0x00000000e4cf0000,0x00000000e5580000)
  to   space 9728K, 0% used [0x00000000e9700000,0x00000000e9700000,0x00000000ea080000)
 ParOldGen       total 95232K, used 24731K [0x0000000081800000, 0x0000000087500000, 0x00000000d5d80000)
  object space 95232K, 25% used [0x0000000081800000,0x0000000083026e38,0x0000000087500000)
 Metaspace       used 33770K, capacity 36128K, committed 36480K, reserved 1081344K
  class space    used 4364K, capacity 4880K, committed 4992K, reserved 1048576K
}
Event: 17.701 GC heap before
{Heap before GC invocations=18 (full 2):
 PSYoungGen      total 253952K, used 245184K [0x00000000d5d80000, 0x00000000ea080000, 0x0000000100000000)
  eden space 244736K, 100% used [0x00000000d5d80000,0x00000000e4c80000,0x00000000e4c80000)
  from space 9216K, 4% used [0x00000000e4c80000,0x00000000e4cf0000,0x00000000e5580000)
  to   space 9728K, 0% used [0x00000000e9700000,0x00000000e9700000,0x00000000ea080000)
 ParOldGen       total 95232K, used 24731K [0x0000000081800000, 0x0000000087500000, 0x00000000d5d80000)
  object space 95232K, 25% used [0x0000000081800000,0x0000000083026e38,0x0000000087500000)
 Metaspace       used 33771K, capacity 36128K, committed 36480K, reserved 1081344K
  class space    used 4364K, capacity 4880K, committed 4992K, reserved 1048576K
Event: 17.703 GC heap after
Heap after GC invocations=18 (full 2):
 PSYoungGen      total 320512K, used 416K [0x00000000d5d80000, 0x00000000ea980000, 0x0000000100000000)
  eden space 310784K, 0% used [0x00000000d5d80000,0x00000000d5d80000,0x00000000e8d00000)
  from space 9728K, 4% used [0x00000000e9700000,0x00000000e9768000,0x00000000ea080000)
  to   space 10240K, 0% used [0x00000000e8d00000,0x00000000e8d00000,0x00000000e9700000)
 ParOldGen       total 95232K, used 24907K [0x0000000081800000, 0x0000000087500000, 0x00000000d5d80000)
  object space 95232K, 26% used [0x0000000081800000,0x0000000083052d90,0x0000000087500000)
 Metaspace       used 33771K, capacity 36128K, committed 36480K, reserved 1081344K
  class space    used 4364K, capacity 4880K, committed 4992K, reserved 1048576K
}

Deoptimization events (10 events):
Event: 18.105 Thread 0x00000000198b0000 Uncommon trap: reason=unstable_if action=reinterpret pc=0x0000000003901afc method=java.util.regex.Pattern$CharProperty.match(Ljava/util/regex/Matcher;ILjava/lang/CharSequence;)Z @ 5
Event: 18.105 Thread 0x00000000198b0000 Uncommon trap: reason=class_check action=maybe_recompile pc=0x0000000003537d20 method=java.lang.AbstractStringBuilder.append(Ljava/lang/CharSequence;)Ljava/lang/AbstractStringBuilder; @ 37
Event: 18.105 Thread 0x00000000198b0000 Uncommon trap: reason=bimorphic action=maybe_recompile pc=0x00000000036718f4 method=java.util.regex.Pattern$GroupTail.match(Ljava/util/regex/Matcher;ILjava/lang/CharSequence;)Z @ 70
Event: 18.105 Thread 0x00000000198b0000 Uncommon trap: reason=class_check action=maybe_recompile pc=0x0000000003537d20 method=java.lang.AbstractStringBuilder.append(Ljava/lang/CharSequence;)Ljava/lang/AbstractStringBuilder; @ 37
Event: 18.122 Thread 0x00000000198b0000 Uncommon trap: reason=unstable_if action=reinterpret pc=0x000000000381e7f4 method=java.lang.reflect.Method.invoke(Ljava/lang/Object;[Ljava/lang/Object;)Ljava/lang/Object; @ 18
Event: 18.137 Thread 0x00000000198b0000 Uncommon trap: reason=class_check action=maybe_recompile pc=0x0000000002d4e418 method=java.lang.String.equals(Ljava/lang/Object;)Z @ 8
Event: 18.137 Thread 0x00000000198b0000 Uncommon trap: reason=class_check action=maybe_recompile pc=0x0000000002d4e418 method=java.lang.String.equals(Ljava/lang/Object;)Z @ 8
Event: 18.137 Thread 0x00000000198b0000 Uncommon trap: reason=class_check action=maybe_recompile pc=0x0000000002d4e418 method=java.lang.String.equals(Ljava/lang/Object;)Z @ 8
Event: 18.173 Thread 0x00000000198b0000 Uncommon trap: reason=unstable_if action=reinterpret pc=0x0000000003307618 method=java.lang.String.regionMatches(ZILjava/lang/String;II)Z @ 123
Event: 18.173 Thread 0x00000000198b0000 Uncommon trap: reason=null_check action=make_not_entrant pc=0x00000000033a53f0 method=java.lang.StringCoding.deref(Ljava/lang/ThreadLocal;)Ljava/lang/Object; @ 4

Internal exceptions (10 events):
Event: 13.031 Thread 0x0000000002b32800 Exception <a 'java/lang/ArrayIndexOutOfBoundsException': 76> (0x00000000dbfb7080) thrown at [C:\re\workspace\8-2-build-windows-amd64-cygwin\jdk8u111\7883\hotspot\src\share\vm\interpreter\interpreterRuntime.cpp, line 366]
Event: 13.031 Thread 0x0000000002b32800 Exception <a 'java/lang/ArrayIndexOutOfBoundsException': 79> (0x00000000dbfb82a0) thrown at [C:\re\workspace\8-2-build-windows-amd64-cygwin\jdk8u111\7883\hotspot\src\share\vm\interpreter\interpreterRuntime.cpp, line 366]
Event: 13.031 Thread 0x0000000002b32800 Exception <a 'java/lang/ArrayIndexOutOfBoundsException': 85> (0x00000000dbfb9dc0) thrown at [C:\re\workspace\8-2-build-windows-amd64-cygwin\jdk8u111\7883\hotspot\src\share\vm\interpreter\interpreterRuntime.cpp, line 366]
Event: 13.033 Thread 0x0000000002b32800 Exception <a 'java/lang/ArrayIndexOutOfBoundsException': 158> (0x00000000dbfeae28) thrown at [C:\re\workspace\8-2-build-windows-amd64-cygwin\jdk8u111\7883\hotspot\src\share\vm\interpreter\interpreterRuntime.cpp, line 366]
Event: 16.373 Thread 0x0000000002b32800 Exception <a 'java/lang/NoClassDefFoundError': com/sun/jna/Library> (0x00000000d5e34af0) thrown at [C:\re\workspace\8-2-build-windows-amd64-cygwin\jdk8u111\7883\hotspot\src\share\vm\classfile\systemDictionary.cpp, line 199]
Event: 16.373 Thread 0x0000000002b32800 Exception <a 'java/lang/NoClassDefFoundError'> (0x00000000d5e34af0) thrown at [C:\re\workspace\8-2-build-windows-amd64-cygwin\jdk8u111\7883\hotspot\src\share\vm\prims\jvm.cpp, line 1390]
Event: 17.875 Thread 0x00000000198b0000 Exception <a 'java/lang/NullPointerException'> (0x00000000db199718) thrown at [C:\re\workspace\8-2-build-windows-amd64-cygwin\jdk8u111\7883\hotspot\src\share\vm\interpreter\linkResolver.cpp, line 1178]
Event: 17.875 Thread 0x00000000198b0000 Exception <a 'java/lang/NullPointerException'> (0x00000000db199718) thrown at [C:\re\workspace\8-2-build-windows-amd64-cygwin\jdk8u111\7883\hotspot\src\share\vm\prims\jvm.cpp, line 1390]
Event: 17.895 Thread 0x00000000198b0000 Implicit null exception at 0x00000000033f0774 to 0x00000000033f5b09
Event: 18.173 Thread 0x00000000198b0000 Implicit null exception at 0x00000000033a44f4 to 0x00000000033a53e1

Events (10 events):
Event: 18.173 Thread 0x00000000198b0000 DEOPT UNPACKING pc=0x0000000002c7582a sp=0x000000001a16cd70 mode 2
Event: 18.173 Thread 0x00000000198b0000 Uncommon trap: trap_request=0xfffffff4 fr.pc=0x00000000033a53f0
Event: 18.173 Thread 0x00000000198b0000 DEOPT PACKING pc=0x00000000033a53f0 sp=0x000000001a16cb80
Event: 18.173 Thread 0x00000000198b0000 DEOPT UNPACKING pc=0x0000000002c7582a sp=0x000000001a16cb10 mode 2
Event: 18.174 loading class com/sun/javafx/font/DisposerRecord
Event: 18.174 loading class com/sun/javafx/font/DisposerRecord done
Event: 18.174 loading class com/sun/javafx/font/OpenTypeGlyphMapper
Event: 18.174 loading class com/sun/javafx/font/OpenTypeGlyphMapper done
Event: 18.175 loading class com/sun/javafx/font/directwrite/IDWriteFontFace
Event: 18.175 loading class com/sun/javafx/font/directwrite/IDWriteFontFace done


Dynamic libraries:
0x00007ff6f46e0000 - 0x00007ff6f4717000 	E:\Softwares\Java\bin\javaw.exe
0x00007ffbaa4c0000 - 0x00007ffbaa681000 	C:\Windows\SYSTEM32\ntdll.dll
0x00007ffbaa0a0000 - 0x00007ffbaa14d000 	C:\Windows\system32\KERNEL32.DLL
0x00007ffba76d0000 - 0x00007ffba78b8000 	C:\Windows\system32\KERNELBASE.dll
0x00007ffba8390000 - 0x00007ffba8437000 	C:\Windows\system32\ADVAPI32.dll
0x00007ffba8440000 - 0x00007ffba84dd000 	C:\Windows\system32\msvcrt.dll
0x00007ffbaa440000 - 0x00007ffbaa49b000 	C:\Windows\system32\sechost.dll
0x00007ffbaa1b0000 - 0x00007ffbaa2cc000 	C:\Windows\system32\RPCRT4.dll
0x00007ffba9d40000 - 0x00007ffba9e96000 	C:\Windows\system32\USER32.dll
0x00007ffba9f10000 - 0x00007ffbaa096000 	C:\Windows\system32\GDI32.dll
0x00007ffb9e820000 - 0x00007ffb9ea94000 	C:\Windows\WinSxS\amd64_microsoft.windows.common-controls_6595b64144ccf1df_6.0.10586.672_none_a2d6b3cea53ff843\COMCTL32.dll
0x00007ffba7da0000 - 0x00007ffba801d000 	C:\Windows\system32\combase.dll
0x00007ffba6dd0000 - 0x00007ffba6e3a000 	C:\Windows\system32\bcryptPrimitives.dll
0x00007ffba8640000 - 0x00007ffba867b000 	C:\Windows\system32\IMM32.DLL
0x0000000068790000 - 0x0000000068862000 	E:\Softwares\Java\jre\bin\msvcr100.dll
0x0000000065810000 - 0x00000000660aa000 	E:\Softwares\Java\jre\bin\server\jvm.dll
0x00007ffba8380000 - 0x00007ffba8388000 	C:\Windows\system32\PSAPI.DLL
0x00007ffba3660000 - 0x00007ffba3669000 	C:\Windows\SYSTEM32\WSOCK32.dll
0x00007ffba5030000 - 0x00007ffba5053000 	C:\Windows\SYSTEM32\WINMM.dll
0x00007ffba81e0000 - 0x00007ffba824b000 	C:\Windows\system32\WS2_32.dll
0x00007ffb9ed50000 - 0x00007ffb9ed5a000 	C:\Windows\SYSTEM32\VERSION.dll
0x00007ffba4fd0000 - 0x00007ffba4ffc000 	C:\Windows\SYSTEM32\WINMMBASE.dll
0x00007ffba7510000 - 0x00007ffba7553000 	C:\Windows\system32\cfgmgr32.dll
0x00000000689f0000 - 0x00000000689ff000 	E:\Softwares\Java\jre\bin\verify.dll
0x00000000689c0000 - 0x00000000689e9000 	E:\Softwares\Java\jre\bin\java.dll
0x0000000068a60000 - 0x0000000068a95000 	E:\Softwares\Java\jre\bin\jdwp.dll
0x0000000068a50000 - 0x0000000068a58000 	E:\Softwares\Java\jre\bin\npt.dll
0x00000000689a0000 - 0x00000000689b6000 	E:\Softwares\Java\jre\bin\zip.dll
0x00007ffba87e0000 - 0x00007ffba9d3c000 	C:\Windows\system32\SHELL32.dll
0x00007ffba6ec0000 - 0x00007ffba7505000 	C:\Windows\system32\windows.storage.dll
0x00007ffbaa3e0000 - 0x00007ffbaa432000 	C:\Windows\system32\shlwapi.dll
0x00007ffba6b10000 - 0x00007ffba6b1f000 	C:\Windows\system32\kernel.appcore.dll
0x00007ffba7560000 - 0x00007ffba7615000 	C:\Windows\system32\shcore.dll
0x00007ffba6b20000 - 0x00007ffba6b6b000 	C:\Windows\system32\powrprof.dll
0x00007ffba6af0000 - 0x00007ffba6b04000 	C:\Windows\system32\profapi.dll
0x0000000068a40000 - 0x0000000068a49000 	E:\Softwares\Java\jre\bin\dt_socket.dll
0x00007ffb923a0000 - 0x00007ffb923b6000 	C:\Windows\system32\napinsp.dll
0x00007ffb92d20000 - 0x00007ffb92d3a000 	C:\Windows\system32\pnrpnsp.dll
0x00007ffba40a0000 - 0x00007ffba40b8000 	C:\Windows\system32\NLAapi.dll
0x00007ffba6410000 - 0x00007ffba646c000 	C:\Windows\System32\mswsock.dll
0x00007ffba53a0000 - 0x00007ffba544a000 	C:\Windows\SYSTEM32\DNSAPI.dll
0x00007ffba8020000 - 0x00007ffba8028000 	C:\Windows\system32\NSI.dll
0x00007ffb92d60000 - 0x00007ffb92d6d000 	C:\Windows\System32\winrnr.dll
0x00007ffb92d80000 - 0x00007ffb92d95000 	C:\Windows\System32\wshbth.dll
0x00007ffb97bb0000 - 0x00007ffb97c17000 	C:\Windows\System32\fwpuclnt.dll
0x00007ffba66e0000 - 0x00007ffba6709000 	C:\Windows\SYSTEM32\bcrypt.dll
0x00007ffb97850000 - 0x00007ffb9785a000 	C:\Windows\System32\rasadhlp.dll
0x00007ffb74590000 - 0x00007ffb7467f000 	E:\Softwares\Java\jre\bin\msvcr120.dll
0x00007ffb70480000 - 0x00007ffb70526000 	E:\Softwares\Java\jre\bin\msvcp120.dll
0x0000000068a10000 - 0x0000000068a32000 	E:\Softwares\Java\jre\bin\prism_d3d.dll
0x00007ffb70530000 - 0x00007ffb70740000 	C:\Windows\system32\d3d9.dll
0x00007ffba4790000 - 0x00007ffba47b2000 	C:\Windows\SYSTEM32\dwmapi.dll
0x00007ffba52b0000 - 0x00007ffba5346000 	C:\Windows\system32\uxtheme.dll
0x00007ffb36030000 - 0x00007ffb3b819000 	C:\Windows\SYSTEM32\igdumdim64.dll
0x00007ffba8250000 - 0x00007ffba8316000 	C:\Windows\system32\OLEAUT32.dll
0x00007ffba84f0000 - 0x00007ffba8633000 	C:\Windows\system32\ole32.dll
0x00007ffba7970000 - 0x00007ffba7d99000 	C:\Windows\system32\SETUPAPI.dll
0x0000000068740000 - 0x0000000068783000 	E:\Softwares\Java\jre\bin\glass.dll
0x00007ffbaa2d0000 - 0x00007ffbaa3db000 	C:\Windows\system32\COMDLG32.dll
0x00007ffba6b70000 - 0x00007ffba6bf6000 	C:\Windows\system32\FirewallAPI.dll
0x00007ffba6ea0000 - 0x00007ffba6eb7000 	C:\Windows\system32\NETAPI32.dll
0x00007ffb96fa0000 - 0x00007ffb96fac000 	C:\Windows\SYSTEM32\DAVHLPR.DLL
0x00007ffba56b0000 - 0x00007ffba56e2000 	C:\Windows\SYSTEM32\fwbase.dll
0x00007ffba8680000 - 0x00007ffba87da000 	C:\Windows\system32\MSCTF.dll
0x00007ffb9ef90000 - 0x00007ffba00ef000 	C:\Windows\SYSTEM32\igc64.dll
0x0000000068980000 - 0x000000006899a000 	E:\Softwares\Java\jre\bin\net.dll
0x00007ffba64c0000 - 0x00007ffba64d7000 	C:\Windows\SYSTEM32\CRYPTSP.dll
0x00007ffba6150000 - 0x00007ffba6184000 	C:\Windows\system32\rsaenh.dll
0x00007ffba62a0000 - 0x00007ffba62bf000 	C:\Windows\SYSTEM32\USERENV.dll
0x00007ffba65e0000 - 0x00007ffba65eb000 	C:\Windows\SYSTEM32\CRYPTBASE.dll
0x00007ffba1f00000 - 0x00007ffba1f38000 	C:\Windows\SYSTEM32\IPHLPAPI.DLL
0x00007ffb987a0000 - 0x00007ffb987b6000 	C:\Windows\SYSTEM32\dhcpcsvc6.DLL
0x00007ffb9e350000 - 0x00007ffb9e36a000 	C:\Windows\SYSTEM32\dhcpcsvc.DLL
0x0000000068540000 - 0x0000000068551000 	E:\Softwares\Java\jre\bin\nio.dll
0x0000000068720000 - 0x0000000068734000 	E:\Softwares\Java\jre\bin\javafx_font.dll
0x00007ffb93e30000 - 0x00007ffb9408f000 	C:\Windows\SYSTEM32\dwrite.dll
0x00007ffba78c0000 - 0x00007ffba7967000 	C:\Windows\system32\clbcatq.dll
0x00007ffba4220000 - 0x00007ffba43d1000 	C:\Windows\SYSTEM32\WindowsCodecs.dll
0x00007ffb90740000 - 0x00007ffb9078a000 	C:\Windows\system32\dataexchange.dll
0x00007ffba4be0000 - 0x00007ffba4cc3000 	C:\Windows\system32\dcomp.dll
0x00007ffba44a0000 - 0x00007ffba4748000 	C:\Windows\system32\d3d11.dll
0x00007ffba43f0000 - 0x00007ffba4492000 	C:\Windows\system32\dxgi.dll
0x00007ffba5450000 - 0x00007ffba5550000 	C:\Windows\system32\twinapi.appcore.dll
0x00007ffb8ed90000 - 0x00007ffb8edc4000 	C:\Program Files\Common Files\Microsoft Shared\Ink\rtscom.dll

VM Arguments:
jvm_args: -agentlib:jdwp=transport=dt_socket,suspend=y,address=localhost:20858 -Dfile.encoding=Cp1252 
java_command: com.rbac.view.Login
java_class_path (initial): E:\GithubNew\Rbac\target\classes;E:\GithubNew\Rbac\lib\jpbc-api-2.0.0.jar;E:\GithubNew\Rbac\lib\jpbc-benchmark-2.0.0.jar;E:\GithubNew\Rbac\lib\jpbc-crypto-2.0.0.jar;E:\GithubNew\Rbac\lib\jpbc-mm-2.0.0.jar;E:\GithubNew\Rbac\lib\jpbc-pbc-2.0.0.jar;E:\GithubNew\Rbac\lib\jpbc-plaf-2.0.0.jar;E:\GithubNew\Rbac\lib\jpbc-site-skin-2.0.0.jar;E:\GithubNew\Rbac\lib\jpbc-test-2.0.0.jar;E:\GithubNew\Rbac\lib\bcprov-jdk16-1.46.jar;C:\Users\Junaid\.m2\repository\org\hibernate\hibernate-core\5.1.0.Final\hibernate-core-5.1.0.Final.jar;C:\Users\Junaid\.m2\repository\org\jboss\logging\jboss-logging\3.3.0.Final\jboss-logging-3.3.0.Final.jar;C:\Users\Junaid\.m2\repository\org\hibernate\javax\persistence\hibernate-jpa-2.1-api\1.0.0.Final\hibernate-jpa-2.1-api-1.0.0.Final.jar;C:\Users\Junaid\.m2\repository\org\javassist\javassist\3.20.0-GA\javassist-3.20.0-GA.jar;C:\Users\Junaid\.m2\repository\antlr\antlr\2.7.7\antlr-2.7.7.jar;C:\Users\Junaid\.m2\repository\org\apache\geronimo\specs\geronimo-jta_1.1_spec\1.1.1\geronimo-jta_1.1_spec-1.1.1.jar;C:\Users\Junaid\.m2\repository\org\jboss\jandex\2.0.0.Final\jandex-2.0.0.Final.jar;C:\Users\Junaid\.m2\repository\com\fasterxml\classmate\1.3.0\classmate-1.3.0.jar;C:\Users\Junaid\.m2\repository\dom4j\dom4j\1.6.1\dom4j-1.6.1.jar;C:\Users\Junaid\.m2\repository\xml-apis\xml-apis\1.0.b2\xml-apis-1.0.b2.jar;C:\Users\Junaid\.m2\repository\org\hibernate\common\hibernate-commons-annotations\5.0.1.Final\hibernate-commons-annotations-5.0.1.Final.jar;C:\Users\Junaid\.m2\repository\org\hibernate\hibernate-entitymanager\5.1.0.Final\hibernate-entitymanager-5.1.0.Final.jar;C:\Users\Junaid\.m2\repository\org\hibernate\hibernate-c3p0\5.1.0.Final\hibernate-c3p0-5.1.0.Final.jar;C:\Users\Junaid\.m2\repository\com\mchange\c3p0\0.9.2.1\c3p0-0.9.2.1.jar;C:\Users\Junaid\.m2\repository\com\mchange\mchange-commons-java\0.2.3.4\mchange-commons-java-0.2.3.4.jar;C:\Users\Junaid\.m2\repository\mysql\mysql-connector-java\5.1.34\mysql-connector-java-5.1
Launcher Type: SUN_STANDARD

Environment Variables:
JAVA_HOME=E:\Softwares\Java
CLASSPATH=.;E:\Softwares\DB2x64\java\db2java.zip;E:\Softwares\DB2x64\java\db2jcc.jar;E:\Softwares\DB2x64\java\sqlj.zip;E:\Softwares\DB2x64\java\db2jcc_license_cu.jar;E:\Softwares\DB2x64\bin;E:\Softwares\DB2x64\java\common.jar
PATH=E:\Softwares\Java\jre\bin;E:/Softwares/Java/bin/../jre/bin/server;E:/Softwares/Java/bin/../jre/bin;E:/Softwares/Java/bin/../jre/lib/amd64;E:\app\Junaid\product\11.2.0\dbhome_2\bin;C:\Program Files (x86)\Intel\iCLS Client\;C:\Program Files\Intel\iCLS Client\;C:\Windows\system32;C:\Windows;C:\Windows\System32\Wbem;C:\Windows\System32\WindowsPowerShell\v1.0\;C:\Program Files (x86)\Intel\Intel(R) Management Engine Components\DAL;C:\Program Files\Intel\Intel(R) Management Engine Components\DAL;C:\Program Files (x86)\Intel\Intel(R) Management Engine Components\IPT;C:\Program Files\Intel\Intel(R) Management Engine Components\IPT;C:\Program Files\Intel\WiFi\bin\;C:\Program Files\Common Files\Intel\WirelessCommon\;E:\Softwares\Java\bin;C:\Program Files\ibm\gsk8\lib64;C:\Program Files (x86)\ibm\gsk8\lib;E:\Softwares\DB2x64\BIN;E:\Softwares\DB2x64\FUNCTION;E:\Softwares\DB2x64\SAMPLES\REPL;E:\Softwares\Git\cmd;C:\Program Files\dotnet\;C:\Program Files\Microsoft SQL Server\Client SDK\ODBC\110\Tools\Binn\;C:\Program Files (x86)\Microsoft SQL Server\120\Tools\Binn\;C:\Program Files\Microsoft SQL Server\120\Tools\Binn\;C:\Program Files\Microsoft SQL Server\120\DTS\Binn\;C:\Program Files (x86)\Microsoft SQL Server\120\Tools\Binn\ManagementStudio\;C:\Program Files (x86)\Microsoft SQL Server\120\DTS\Binn\;C:\Program Files (x86)\Windows Kits\10\Windows Performance Toolkit\;C:\Program Files\Microsoft SQL Server\130\Tools\Binn\;C:\Windows\system32\config\systemprofile\.dnx\bin;C:\Program Files\Microsoft DNX\Dnvm\;C:\Program Files (x86)\Microsoft SQL Server\110\DTS\Binn\;C:\Program Files (x86)\Microsoft SQL Server\130\DTS\Binn\;E:\Softwares\OpenVPN\bin;E:\Softwares\PostgreSQL\pg96\bin;C:\Program Files (x86)\Skype\Phone\;E:\Softwares\apache-maven-3.3.9\bin;C:\Program Files (x86)\nodejs\;C:\Users\Junaid\AppData\Roaming\npm;C:\Windows\System32;
USERNAME=Junaid
OS=Windows_NT
PROCESSOR_IDENTIFIER=Intel64 Family 6 Model 142 Stepping 9, GenuineIntel



---------------  S Y S T E M  ---------------

OS: Windows 10.0 , 64 bit Build 10586 (10.0.10586.589)

CPU:total 4 (2 cores per cpu, 2 threads per core) family 6 model 142 stepping 9, cmov, cx8, fxsr, mmx, sse, sse2, sse3, ssse3, sse4.1, sse4.2, popcnt, avx, avx2, aes, clmul, erms, 3dnowpref, lzcnt, ht, tsc, tscinvbit, bmi1, bmi2, adx

Memory: 4k page, physical 8283792k(1668944k free), swap 8283792k(7172k free)

vm_info: Java HotSpot(TM) 64-Bit Server VM (25.111-b14) for windows-amd64 JRE (1.8.0_111-b14), built on Sep 22 2016 19:24:05 by "java_re" with MS VC++ 10.0 (VS2010)

time: Sat Apr 22 14:32:55 2017
elapsed time: 18 seconds (0d 0h 0m 18s)

